[INFO][(*ContPaket)][cont_paket.go:152]2020/08/08 23:04:34 {"owner_id":0,"paket_name":"","price":0,"is_active":false,"is_promo":false,"promo_price":0,"promo_start":0,"promo_end":0,"user_edit":"","time_Edit":"0001-01-01T00:00:00Z"}
[ERROR][Res][response.go:43]2020/08/08 23:04:34 {"message":"invalid request param: code=400, message=Syntax error: offset=236, error=invalid character '}' looking for beginning of object key string, internal=invalid character '}' looking for beginning of object key string","data":null}
[INFO][(*ContPaket)][cont_paket.go:152]2020/08/08 23:06:12 {"owner_id":0,"paket_name":"","price":0,"is_active":false,"is_promo":false,"promo_price":0,"promo_start":0,"promo_end":0,"user_edit":"","time_Edit":"0001-01-01T00:00:00Z"}
[ERROR][Res][response.go:43]2020/08/08 23:06:12 {"message":"invalid request param: code=400, message=Syntax error: offset=236, error=invalid character '}' looking for beginning of object key string, internal=invalid character '}' looking for beginning of object key string","data":null}
[INFO][(*ContPaket)][cont_paket.go:152]2020/08/08 23:07:38 {"owner_id":1,"paket_name":"PBA","descs":"potong bebek angsa","durasi_start":1,"durasi_end":10,"price":5000,"is_active":true,"is_promo":false,"promo_price":0,"promo_start":0,"promo_end":0,"user_edit":"","time_Edit":"0001-01-01T00:00:00Z"}
[ERROR][Res][response.go:43]2020/08/08 23:09:10 {"message":"pq: date/time field value out of range: \"0\"","data":null}
[INFO][(*ContPaket)][cont_paket.go:152]2020/08/08 23:12:17 {"owner_id":1,"paket_name":"PBA","descs":"potong bebek angsa","durasi_start":1,"durasi_end":10,"price":5000,"is_active":true,"is_promo":false,"promo_price":0,"promo_start":0,"promo_end":0,"user_edit":"","time_Edit":"0001-01-01T00:00:00Z"}
[ERROR][Res][response.go:43]2020/08/08 23:12:34 {"message":"pq: date/time field value out of range: \"0\"","data":null}
[INFO][(*ContPaket)][cont_paket.go:152]2020/08/08 23:13:15 {"owner_id":1,"paket_name":"PBA","descs":"potong bebek angsa","durasi_start":1,"durasi_end":10,"price":5000,"is_active":true,"is_promo":false,"promo_price":0,"promo_start":0,"promo_end":0,"user_edit":"","time_Edit":"0001-01-01T00:00:00Z"}
[ERROR][Res][response.go:43]2020/08/08 23:16:58 {"message":"pq: date/time field value out of range: \"0\"","data":null}
[INFO][(*ContPaket)][cont_paket.go:152]2020/08/08 23:26:52 {"owner_id":0,"paket_name":"","price":0,"is_active":false,"is_promo":false,"promo_price":0,"promo_start":0,"promo_end":0,"user_edit":"","time_Edit":"0001-01-01T00:00:00Z"}
[ERROR][Res][response.go:43]2020/08/08 23:26:52 {"message":"invalid request param: code=400, message=Syntax error: offset=114, error=invalid character '\"' after object key:value pair, internal=invalid character '\"' after object key:value pair","data":null}
[INFO][(*ContPaket)][cont_paket.go:152]2020/08/08 23:29:46 {"owner_id":0,"paket_name":"","price":0,"is_active":false,"time_Edit":"0001-01-01T00:00:00Z"}
[ERROR][Res][response.go:43]2020/08/08 23:29:46 {"message":"invalid request param: code=400, message=Syntax error: offset=114, error=invalid character '\"' after object key:value pair, internal=invalid character '\"' after object key:value pair","data":null}
[INFO][(*ContPaket)][cont_paket.go:152]2020/08/08 23:30:51 {"owner_id":1,"paket_name":"PBA","descs":"Potong Botak","durasi_start":10,"durasi_end":30,"price":50000,"is_active":true,"time_Edit":"0001-01-01T00:00:00Z"}
[QUERY][(*repoPaket)][repo_paket.go:98]2020/08/08 23:32:48 &{SELECT * FROM "mst_paket"   []}
[ERROR][Res][response.go:43]2020/08/08 23:33:15 {"message":"pq: null value in column \"paket_id\" of relation \"mst_paket\" violates not-null constraint","data":null}
[INFO][(*ContPaket)][cont_paket.go:152]2020/08/08 23:38:33 {"owner_id":1,"paket_name":"PBA","descs":"Potong Botak","durasi_start":10,"durasi_end":30,"price":50000,"is_active":true,"time_Edit":"0001-01-01T00:00:00Z"}
[QUERY][(*repoPaket)][repo_paket.go:98]2020/08/08 23:38:46 &{SELECT * FROM "paket"  WHERE "paket"."paket_id" = ? AND "paket"."owner_id" = ? [1 1]}
[INFO][Res][response.go:31]2020/08/08 23:38:59 {"message":"Ok","data":{"paket_id":0,"owner_id":1,"paket_name":"PBA","descs":"Potong Botak","durasi_start":10,"durasi_end":30,"price":50000,"is_active":true,"is_promo":false,"promo_price":0,"promo_start":0,"promo_end":0,"user_input":"0000","user_edit":"0000","time_input":"0001-01-01T00:00:00Z","time_Edit":"0001-01-01T00:00:00Z"}}
[INFO][(*ContPaket)][cont_paket.go:152]2020/08/08 23:42:55 {"owner_id":1,"paket_name":"halus","descs":"Potong licin","durasi_start":10,"durasi_end":30,"price":50000,"is_active":true,"is_promo":true,"time_Edit":"0001-01-01T00:00:00Z"}
[QUERY][(*repoPaket)][repo_paket.go:98]2020/08/08 23:43:27 &{SELECT * FROM "paket"  WHERE "paket"."paket_id" = ? AND "paket"."owner_id" = ? [2 1]}
[INFO][Res][response.go:31]2020/08/08 23:43:27 {"message":"Ok","data":null}
[INFO][Res][response.go:31]2020/08/08 23:43:50 {"message":"","data":{"page":1,"total":2,"last_page":1,"define_size":"","define_column":"","all_column":"","data":[{"paket_id":1,"owner_id":1,"paket_name":"PBA","descs":"Potong Botak","durasi_start":10,"durasi_end":30,"price":50000,"is_active":true,"is_promo":false,"promo_price":0,"promo_start":0,"promo_end":0,"user_input":"0000","user_edit":"0000","time_input":"2020-08-08T23:38:40Z","time_Edit":"2020-08-08T23:38:40Z"},{"paket_id":2,"owner_id":1,"paket_name":"halus","descs":"Potong licin","durasi_start":10,"durasi_end":30,"price":50000,"is_active":true,"is_promo":true,"promo_price":0,"promo_start":0,"promo_end":0,"user_input":"0000","user_edit":"0000","time_input":"2020-08-08T23:43:21Z","time_Edit":"2020-08-08T23:43:21Z"}],"message":""}}
[QUERY][(*repoPaket)][repo_paket.go:111]2020/08/08 23:48:25 &{SELECT * FROM "paket"  WHERE (paket_id = ?) [2]}
[INFO][Res][response.go:31]2020/08/08 23:48:25 {"message":"Ok","data":null}
[QUERY][(*repoPaket)][repo_paket.go:111]2020/08/08 23:50:06 &{SELECT * FROM "paket"  WHERE (paket_id = ?) [2]}
[INFO][Res][response.go:31]2020/08/08 23:50:24 {"message":"Ok","data":null}
[INFO][Res][response.go:31]2020/08/08 23:51:16 {"message":"","data":{"page":1,"total":2,"last_page":1,"define_size":"","define_column":"","all_column":"","data":[{"paket_id":1,"owner_id":1,"paket_name":"PBA","descs":"Potong Botak","durasi_start":10,"durasi_end":30,"price":50000,"is_active":true,"is_promo":false,"promo_price":0,"promo_start":0,"promo_end":0,"user_input":"0000","user_edit":"0000","time_input":"2020-08-08T23:38:40Z","time_Edit":"2020-08-08T23:38:40Z"},{"paket_id":2,"owner_id":1,"paket_name":"Halus","descs":"potong update","durasi_start":10,"durasi_end":50,"price":60000,"is_active":true,"is_promo":true,"promo_price":50000,"promo_start":123523,"promo_end":12345123,"user_input":"0000","user_edit":"0000","time_input":"2020-08-08T23:43:21Z","time_Edit":"2020-08-08T23:49:39Z"}],"message":""}}
[INFO][Res][response.go:31]2020/08/08 23:51:29 {"message":"","data":{"page":1,"total":2,"last_page":1,"define_size":"","define_column":"","all_column":"","data":[{"paket_id":1,"owner_id":1,"paket_name":"PBA","descs":"Potong Botak","durasi_start":10,"durasi_end":30,"price":50000,"is_active":true,"is_promo":false,"promo_price":0,"promo_start":0,"promo_end":0,"user_input":"0000","user_edit":"0000","time_input":"2020-08-08T23:38:40Z","time_Edit":"2020-08-08T23:38:40Z"}],"message":""}}
