[INFO][(*ContFileUpload)][cont_file_upload.go:76]2020/07/19 00:11:20 [profile]
[QUERY][(*repoAuth)][repo_ss_fileupload.go:23]2020/07/19 00:13:05 
	INSERT INTO public.sa_file_upload (file_name, file_path, file_type, user_input, user_edit) 
	VALUES(:file_name, :file_path, :file_type, :user_input, :user_edit;

	 {0 1595092385_WhatsApp Image 2020-06-01 at 11.18.45.jpeg /wwwroot/uploads/profile/1595092385_WhatsApp Image 2020-06-01 at 11.18.45.jpeg .jpeg 0000 0001-01-01 00:00:00 +0000 UTC 0000 0001-01-01 00:00:00 +0000 UTC}
[INFO][(*ContFileUpload)][cont_file_upload.go:76]2020/07/19 00:15:29 [profile]
[QUERY][(*repoAuth)][repo_ss_fileupload.go:23]2020/07/19 00:15:56 
	INSERT INTO public.sa_file_upload (file_name, file_path, file_type, user_input, user_edit) 
	VALUES(:file_name, :file_path, :file_type, :user_input, :user_edit);

	 {0 1595092538_WhatsApp Image 2020-06-01 at 11.18.45.jpeg /wwwroot/uploads/profile/1595092538_WhatsApp Image 2020-06-01 at 11.18.45.jpeg .jpeg 0000 0001-01-01 00:00:00 +0000 UTC 0000 0001-01-01 00:00:00 +0000 UTC}
[INFO][Res][response.go:31]2020/07/19 00:15:56 {"message":"Ok","data":[{"file_id":0,"file_name":"1595092538_WhatsApp Image 2020-06-01 at 11.18.45.jpeg","file_path":"/wwwroot/uploads/profile/1595092538_WhatsApp Image 2020-06-01 at 11.18.45.jpeg","file_type":".jpeg","user_input":"0000","time_input":"0001-01-01T00:00:00Z","user_edit":"0000","time_edit":"0001-01-01T00:00:00Z"}]}
[QUERY][(*repoOptionDB)][repo_option.go:27]2020/07/19 13:32:09 SELECT 	option_id, option_url, method_api, 
									sp, line_no, table_name, 
									user_input, user_edit, time_input, 
									time_edit
						  FROM public.ss_option_db
						  		WHERE option_url iLIKE $1
						  ORDER BY line_no , method_api;					  
	 BarberPaket
[QUERY][(*repoOptionDB)][repo_option.go:27]2020/07/19 13:32:33 SELECT 	option_id, option_url, method_api, 
									sp, line_no, table_name, 
									user_input, user_edit, time_input, 
									time_edit
						  FROM public.ss_option_db
						  		WHERE option_url iLIKE $1
						  ORDER BY line_no , method_api;					  
	 BarberPaket
[QUERY][(*repoOptionDB)][repo_option.go:27]2020/07/19 13:33:44 SELECT 	option_id, option_url, method_api, 
									sp, line_no, table_name, 
									user_input, user_edit, time_input, 
									time_edit
						  FROM public.ss_option_db
						  		WHERE option_url iLIKE $1
						  ORDER BY line_no , method_api;					  
	 BarberPaket
[QUERY][(*repoOptionDB)][repo_option.go:27]2020/07/19 13:38:06 SELECT 	option_id, option_url, method_api, 
									sp, line_no, table_name, 
									user_input, user_edit, time_input, 
									time_edit
						  FROM public.ss_option_db
						  		WHERE option_url iLIKE $1
						  ORDER BY line_no , method_api;					  
	 BarberPaket
[ERROR][Res][response.go:53]2020/07/19 13:39:33 {"page":0,"total":0,"last_page":0,"define_size":"","define_column":"","all_column":"","data":null,"message":"sql: no rows in result set"}
[QUERY][(*repoOptionDB)][repo_option.go:27]2020/07/19 13:39:51 SELECT 	option_id, option_url, method_api, 
									sp, line_no, table_name, 
									user_input, user_edit, time_input, 
									time_edit
						  FROM public.ss_option_db
						  		WHERE option_url iLIKE $1
						  ORDER BY line_no , method_api;					  
	 BarberPaket
[QUERY][(*repoOptionDB)][repo_option.go:28]2020/07/19 13:43:44 SELECT 	option_id, option_url, method_api, 
									sp, line_no, table_name, 
									user_input, user_edit, time_input, 
									time_edit
						  FROM public.ss_option_db
						  		WHERE option_url iLIKE $1
						  ORDER BY line_no , method_api;					  
	 BarberPaket
[QUERY][(*repoOptionDB)][repo_option.go:37]2020/07/19 13:46:23  
			SELECT routines.routine_name,
				parameters.parameter_name,
				parameters.data_type,
				parameters.ordinal_position
			FROM information_schema.routines
			LEFT JOIN information_schema.parameters ON routines.specific_name = parameters.specific_name
			WHERE 	routines.specific_catalog = current_database() AND
					routines.specific_schema = 'public' AND
					routines.routine_name iLIKE $1 AND
					parameters.parameter_mode = 'IN'
			ORDER BY routines.specific_name, routines.routine_name, parameters.ordinal_position;

	
	 fss_define_column_i
[QUERY][(*repoOptionDB)][repo_option.go:28]2020/07/19 13:49:51 SELECT 	option_id, option_url, method_api, 
									sp, line_no, table_name, 
									user_input, user_edit, time_input, 
									time_edit
						  FROM public.ss_option_db
						  		WHERE option_url iLIKE $1
						  ORDER BY line_no , method_api;					  
	 BarberPaket
[QUERY][(*repoOptionDB)][repo_option.go:37]2020/07/19 13:51:07  
			SELECT routines.routine_name,
				parameters.parameter_name,
				parameters.data_type,
				parameters.ordinal_position
			FROM information_schema.routines
			LEFT JOIN information_schema.parameters ON routines.specific_name = parameters.specific_name
			WHERE 	routines.specific_catalog = current_database() AND
					routines.specific_schema = 'public' AND
					routines.routine_name iLIKE $1 AND
					parameters.parameter_mode = 'IN'
			ORDER BY routines.specific_name, routines.routine_name, parameters.ordinal_position;

	
	 fss_define_column_i
[QUERY][(*repoOptionDB)][repo_option.go:47]2020/07/19 13:52:47 
		SELECT * FROM public.fss_define_column_i (:p_option_url,:p_line_no,:p_column_field,:p_user_input);
	 map[p_column_field:no,paket_id,owner_id,paket_name,descs,durasi_start,durasi_end,price,is_active,is_promo,promo_price,promo_start,promo_end,user_input,user_edit,time_input,time_edit,row_id,lastupdatestamp p_line_no:0 p_option_url:BarberPaket p_subportfolio_id:1 p_user_id:1]
[QUERY][(*repoOptionDB)][repo_option.go:28]2020/07/19 13:54:51 SELECT 	option_id, option_url, method_api, 
									sp, line_no, table_name, 
									user_input, user_edit, time_input, 
									time_edit
						  FROM public.ss_option_db
						  		WHERE option_url iLIKE $1
						  ORDER BY line_no , method_api;					  
	 BarberPaket
[QUERY][(*repoOptionDB)][repo_option.go:37]2020/07/19 13:55:13  
			SELECT routines.routine_name,
				parameters.parameter_name,
				parameters.data_type,
				parameters.ordinal_position
			FROM information_schema.routines
			LEFT JOIN information_schema.parameters ON routines.specific_name = parameters.specific_name
			WHERE 	routines.specific_catalog = current_database() AND
					routines.specific_schema = 'public' AND
					routines.routine_name iLIKE $1 AND
					parameters.parameter_mode = 'IN'
			ORDER BY routines.specific_name, routines.routine_name, parameters.ordinal_position;

	
	 fss_define_column_i
[QUERY][(*repoOptionDB)][repo_option.go:47]2020/07/19 13:55:46 
		SELECT * FROM public.fss_define_column_i (:p_option_url,:p_line_no,:p_column_field,:p_user_input);
	 map[p_column_field:no,paket_id,owner_id,paket_name,descs,durasi_start,durasi_end,price,is_active,is_promo,promo_price,promo_start,promo_end,user_input,user_edit,time_input,time_edit,row_id,lastupdatestamp p_line_no:0 p_option_url:BarberPaket p_user_input:1]
[QUERY][(*repoOptionDB)][repo_option.go:58]2020/07/19 13:55:46 
		WITH result_set AS
		(
			SELECT
				row_number() OVER (ORDER BY time_edit desc) as no,
				paket_id,owner_id,paket_name,descs,durasi_start,durasi_end,price,is_active,is_promo,promo_price,TO_CHAR(promo_start,'DD/MM/YYYY HH24:MI') as promo_start,TO_CHAR(promo_end,'DD/MM/YYYY HH24:MI') as promo_end,user_input,user_edit,TO_CHAR(time_input,'DD/MM/YYYY HH24:MI') as time_input,TO_CHAR(time_edit,'DD/MM/YYYY HH24:MI') as time_edit,row_id,lastupdatestamp
			FROM vbarber_paket
			
		)
		SELECT * FROM result_set
		LIMIT $1
		OFFSET $2 ;
	 10 0
[INFO][Res][response.go:31]2020/07/19 13:55:53 {"message":"","data":{"page":1,"total":3,"last_page":1,"define_size":"S,S,S,S,S,S,S,S,S,S,S,S,S,S,S,S,S,S","define_column":"no,paket_id,owner_id,paket_name,descs,durasi_start,durasi_end,price,is_active,is_promo,promo_price,promo_start,promo_end,user_input,user_edit,time_input,time_edit,row_id,lastupdatestamp","all_column":"paket_id,owner_id,paket_name,descs,durasi_start,durasi_end,price,is_active,is_promo,promo_price,promo_start,promo_end,user_input,user_edit,time_input,time_edit,row_id,lastupdatestamp","data":[{"descs":"bla bla bla","durasi_end":30,"durasi_start":20,"is_active":true,"is_promo":true,"lastupdatestamp":538,"no":1,"owner_id":5,"paket_id":3,"paket_name":"Creambath+ pijit","price":"NTEwMDAuMDAwMA==","promo_end":"09/08/2020 00:00","promo_price":"NDkwMDAuMDAwMA==","promo_start":"19/07/2020 00:00","row_id":3,"time_edit":"19/07/2020 06:27","time_input":"19/07/2020 06:27","user_edit":"1","user_input":"1"},{"descs":"bla bla bla","durasi_end":30,"durasi_start":20,"is_active":true,"is_promo":true,"lastupdatestamp":534,"no":2,"owner_id":5,"paket_id":2,"paket_name":"Creambath","price":"NTEwMDAuMDAwMA==","promo_end":"09/01/2020 00:00","promo_price":"NDkwMDAuMDAwMA==","promo_start":"07/01/2020 00:00","row_id":2,"time_edit":"19/07/2020 06:22","time_input":"19/07/2020 06:22","user_edit":"1","user_input":"1"},{"descs":"bla bla bla","durasi_end":30,"durasi_start":10,"is_active":true,"is_promo":null,"lastupdatestamp":533,"no":3,"owner_id":5,"paket_id":1,"paket_name":"Potong Rambut + Cuci","price":"NTAwMDAuMDAwMA==","promo_end":null,"promo_price":null,"promo_start":null,"row_id":1,"time_edit":"19/07/2020 06:19","time_input":"19/07/2020 06:19","user_edit":"1","user_input":"1"}],"message":""}}
[QUERY][(*repoOptionDB)][repo_option.go:28]2020/07/19 14:01:51 SELECT 	option_id, option_url, method_api, 
									sp, line_no, table_name, 
									user_input, user_edit, time_input, 
									time_edit
						  FROM public.ss_option_db
						  		WHERE option_url iLIKE $1
						  ORDER BY line_no , method_api;					  
	 BarberPaket
[QUERY][(*repoOptionDB)][repo_option.go:37]2020/07/19 14:02:10  
			SELECT routines.routine_name,
				parameters.parameter_name,
				parameters.data_type,
				parameters.ordinal_position
			FROM information_schema.routines
			LEFT JOIN information_schema.parameters ON routines.specific_name = parameters.specific_name
			WHERE 	routines.specific_catalog = current_database() AND
					routines.specific_schema = 'public' AND
					routines.routine_name iLIKE $1 AND
					parameters.parameter_mode = 'IN'
			ORDER BY routines.specific_name, routines.routine_name, parameters.ordinal_position;

	
	 fbarber_paket_u
[QUERY][(*repoOptionDB)][repo_option.go:47]2020/07/19 14:02:58 
		SELECT fbarber_paket_u as row_id FROM public.fbarber_paket_u (:p_paket_id,:p_owner_id,:p_paket_name,:p_descs,:p_durasi_start,:p_durasi_end,:p_price,:p_is_active,:p_is_promo,:p_promo_price,:p_promo_start,:p_promo_end,:p_lastupdatestamp,:p_user_edit);
	 map[p_descs:bla bla bla p_durasi_end:30 p_durasi_start:20 p_is_active:true p_is_promo:true p_lastupdatestamp:538 p_owner_id:5 p_paket_id:3 p_paket_name:Creambath+ pijit++ p_price:51000 p_promo_end:08/09/2020 p_promo_price:49000 p_promo_start:07/19/2020 p_user_edit:1]
[ERROR][Res][response.go:43]2020/07/19 14:02:58 {"message":"pq: column \"barber_paket_id\" does not exist","data":null}
[QUERY][(*repoOptionDB)][repo_option.go:28]2020/07/19 14:04:43 SELECT 	option_id, option_url, method_api, 
									sp, line_no, table_name, 
									user_input, user_edit, time_input, 
									time_edit
						  FROM public.ss_option_db
						  		WHERE option_url iLIKE $1
						  ORDER BY line_no , method_api;					  
	 BarberPaket
[QUERY][(*repoOptionDB)][repo_option.go:37]2020/07/19 14:04:54  
			SELECT routines.routine_name,
				parameters.parameter_name,
				parameters.data_type,
				parameters.ordinal_position
			FROM information_schema.routines
			LEFT JOIN information_schema.parameters ON routines.specific_name = parameters.specific_name
			WHERE 	routines.specific_catalog = current_database() AND
					routines.specific_schema = 'public' AND
					routines.routine_name iLIKE $1 AND
					parameters.parameter_mode = 'IN'
			ORDER BY routines.specific_name, routines.routine_name, parameters.ordinal_position;

	
	 fbarber_paket_u
[QUERY][(*repoOptionDB)][repo_option.go:47]2020/07/19 14:05:07 
		SELECT fbarber_paket_u as row_id FROM public.fbarber_paket_u (:p_paket_id,:p_owner_id,:p_paket_name,:p_descs,:p_durasi_start,:p_durasi_end,:p_price,:p_is_active,:p_is_promo,:p_promo_price,:p_promo_start,:p_promo_end,:p_lastupdatestamp,:p_user_edit);
	 map[p_descs:bla bla bla p_durasi_end:30 p_durasi_start:20 p_is_active:true p_is_promo:true p_lastupdatestamp:538 p_owner_id:5 p_paket_id:3 p_paket_name:Creambath+ pijit++ p_price:51000 p_promo_end:08/09/2020 p_promo_price:49000 p_promo_start:07/19/2020 p_user_edit:1]
[INFO][Res][response.go:31]2020/07/19 14:05:07 {"message":"Ok","data":[{"row_id":1}]}
[QUERY][(*repoOptionDB)][repo_option.go:28]2020/07/19 14:08:23 SELECT 	option_id, option_url, method_api, 
									sp, line_no, table_name, 
									user_input, user_edit, time_input, 
									time_edit
						  FROM public.ss_option_db
						  		WHERE option_url iLIKE $1
						  ORDER BY line_no , method_api;					  
	 BarberPaket
[QUERY][(*repoOptionDB)][repo_option.go:58]2020/07/19 14:08:23 
		WITH result_set AS
		(
			SELECT
				row_number() OVER (ORDER BY time_edit desc) as no,
				paket_id,owner_id,paket_name,descs,durasi_start,durasi_end,price,is_active,is_promo,promo_price,TO_CHAR(promo_start,'DD/MM/YYYY HH24:MI') as promo_start,TO_CHAR(promo_end,'DD/MM/YYYY HH24:MI') as promo_end,user_input,user_edit,TO_CHAR(time_input,'DD/MM/YYYY HH24:MI') as time_input,TO_CHAR(time_edit,'DD/MM/YYYY HH24:MI') as time_edit,row_id,lastupdatestamp
			FROM vbarber_paket
			
		)
		SELECT * FROM result_set
		LIMIT $1
		OFFSET $2 ;
	 10 0
[INFO][Res][response.go:31]2020/07/19 14:08:23 {"message":"","data":{"page":1,"total":3,"last_page":1,"define_size":"S,S,S,S,S,S,S,S,S,S,S,S,S,S,S,S,S,S","define_column":"no,paket_id,owner_id,paket_name,descs,durasi_start,durasi_end,price,is_active,is_promo,promo_price,promo_start,promo_end,user_input,user_edit,time_input,time_edit,row_id,lastupdatestamp","all_column":"paket_id,owner_id,paket_name,descs,durasi_start,durasi_end,price,is_active,is_promo,promo_price,promo_start,promo_end,user_input,user_edit,time_input,time_edit,row_id,lastupdatestamp","data":[{"descs":"bla bla bla","durasi_end":30,"durasi_start":20,"is_active":true,"is_promo":true,"lastupdatestamp":542,"no":1,"owner_id":5,"paket_id":3,"paket_name":"Creambath+ pijit++","price":"NTEwMDAuMDAwMA==","promo_end":"09/08/2020 00:00","promo_price":"NDkwMDAuMDAwMA==","promo_start":"19/07/2020 00:00","row_id":3,"time_edit":"19/07/2020 07:05","time_input":"19/07/2020 06:27","user_edit":"1","user_input":"1"},{"descs":"bla bla bla","durasi_end":30,"durasi_start":20,"is_active":true,"is_promo":true,"lastupdatestamp":534,"no":2,"owner_id":5,"paket_id":2,"paket_name":"Creambath","price":"NTEwMDAuMDAwMA==","promo_end":"09/01/2020 00:00","promo_price":"NDkwMDAuMDAwMA==","promo_start":"07/01/2020 00:00","row_id":2,"time_edit":"19/07/2020 06:22","time_input":"19/07/2020 06:22","user_edit":"1","user_input":"1"},{"descs":"bla bla bla","durasi_end":30,"durasi_start":10,"is_active":true,"is_promo":null,"lastupdatestamp":533,"no":3,"owner_id":5,"paket_id":1,"paket_name":"Potong Rambut + Cuci","price":"NTAwMDAuMDAwMA==","promo_end":null,"promo_price":null,"promo_start":null,"row_id":1,"time_edit":"19/07/2020 06:19","time_input":"19/07/2020 06:19","user_edit":"1","user_input":"1"}],"message":""}}
[QUERY][(*repoOptionDB)][repo_option.go:28]2020/07/19 14:10:30 SELECT 	option_id, option_url, method_api, 
									sp, line_no, table_name, 
									user_input, user_edit, time_input, 
									time_edit
						  FROM public.ss_option_db
						  		WHERE option_url iLIKE $1
						  ORDER BY line_no , method_api;					  
	 BarberPaket
[QUERY][(*repoOptionDB)][repo_option.go:37]2020/07/19 14:10:30  
			SELECT routines.routine_name,
				parameters.parameter_name,
				parameters.data_type,
				parameters.ordinal_position
			FROM information_schema.routines
			LEFT JOIN information_schema.parameters ON routines.specific_name = parameters.specific_name
			WHERE 	routines.specific_catalog = current_database() AND
					routines.specific_schema = 'public' AND
					routines.routine_name iLIKE $1 AND
					parameters.parameter_mode = 'IN'
			ORDER BY routines.specific_name, routines.routine_name, parameters.ordinal_position;

	
	 fbarber_paket_s
[QUERY][(*repoOptionDB)][repo_option.go:47]2020/07/19 14:10:30 
		SELECT * FROM public.fbarber_paket_s (:p_row_id,:p_lastupdatestamp);
	 map[p_lastupdatestamp:542 p_row_id:3]
[ERROR][Res][response.go:43]2020/07/19 14:10:30 {"message":"pq: column a.barber_paket_id does not exist","data":null}
[QUERY][(*repoOptionDB)][repo_option.go:28]2020/07/19 14:11:04 SELECT 	option_id, option_url, method_api, 
									sp, line_no, table_name, 
									user_input, user_edit, time_input, 
									time_edit
						  FROM public.ss_option_db
						  		WHERE option_url iLIKE $1
						  ORDER BY line_no , method_api;					  
	 BarberPaket
[QUERY][(*repoOptionDB)][repo_option.go:37]2020/07/19 14:11:04  
			SELECT routines.routine_name,
				parameters.parameter_name,
				parameters.data_type,
				parameters.ordinal_position
			FROM information_schema.routines
			LEFT JOIN information_schema.parameters ON routines.specific_name = parameters.specific_name
			WHERE 	routines.specific_catalog = current_database() AND
					routines.specific_schema = 'public' AND
					routines.routine_name iLIKE $1 AND
					parameters.parameter_mode = 'IN'
			ORDER BY routines.specific_name, routines.routine_name, parameters.ordinal_position;

	
	 fbarber_paket_s
[QUERY][(*repoOptionDB)][repo_option.go:47]2020/07/19 14:11:04 
		SELECT * FROM public.fbarber_paket_s (:p_row_id,:p_lastupdatestamp);
	 map[p_lastupdatestamp:542 p_row_id:3]
[INFO][Res][response.go:31]2020/07/19 14:11:04 {"message":"Ok","data":[{"descs":"bla bla bla","durasi_end":30,"durasi_start":20,"is_active":true,"is_promo":true,"lastupdatestamp":542,"owner_id":5,"paket_id":3,"paket_name":"Creambath+ pijit++","price":"NTEwMDAuMDAwMA==","promo_end":"2020-08-09T00:00:00Z","promo_price":"NDkwMDAuMDAwMA==","promo_start":"2020-07-19T00:00:00Z","row_id":3,"time_edit":"2020-07-19T07:05:07.12996Z","time_input":"2020-07-19T06:27:27.303408Z","user_edit":"1","user_input":"1"}]}
[INFO][(*ContAuth)][cont_auth.go:76]2020/07/19 15:17:37 {"account":"0000","pwd":"1"}
[QUERY][(*repoAuth)][repo_auth.go:26]2020/07/19 15:17:37 
	select a.user_id ,
		a.name ,
		a.email ,
		a.telp ,
		a.join_date ,
		a.user_type ,
		a.file_id ,
		b.file_name ,
		b.file_path ,
		a.pwd
	from public.ss_user a
	left join sa_file_upload b
		on a.file_id = b.file_id 
	where (a.email ilike $1 or a.telp = $2);     0000 0000
[INFO][Res][response.go:31]2020/07/19 15:17:37 {"message":"Ok","data":{"data_user":{"email":"admin@cukur.in","file_id":0,"file_name":"","file_path":"","id":1,"telp":"0000","user_name":"Admin","user_type":"Owber"},"token":"eyJhbGciOiJIUzI1NiIsInR5cCI6IkpXVCJ9.eyJ1c2VyX2lkIjoxLCJ1c2VyX25hbWUiOiIwMDAwIiwidXNlcl90eXBlIjoiT3diZXIiLCJleHAiOjE1OTU0MDU4NTcsImlzcyI6IlByb3BlcnR5RnJhbWV3b3JrIn0.rImA5v0cqR1GW-KGm1RL6vzkhtDHpemlLHQuTxM_yEg"}}
[QUERY][(*repoOptionDB)][repo_option.go:28]2020/07/19 15:19:02 SELECT 	option_id, option_url, method_api, 
									sp, line_no, table_name, 
									user_input, user_edit, time_input, 
									time_edit
						  FROM public.ss_option_db
						  		WHERE option_url iLIKE $1
						  ORDER BY line_no , method_api;					  
	 BarberPaket
[QUERY][(*repoOptionDB)][repo_option.go:37]2020/07/19 15:19:02  
			SELECT routines.routine_name,
				parameters.parameter_name,
				parameters.data_type,
				parameters.ordinal_position
			FROM information_schema.routines
			LEFT JOIN information_schema.parameters ON routines.specific_name = parameters.specific_name
			WHERE 	routines.specific_catalog = current_database() AND
					routines.specific_schema = 'public' AND
					routines.routine_name iLIKE $1 AND
					parameters.parameter_mode = 'IN'
			ORDER BY routines.specific_name, routines.routine_name, parameters.ordinal_position;

	
	 fbarber_paket_s
[QUERY][(*repoOptionDB)][repo_option.go:47]2020/07/19 15:19:02 
		SELECT * FROM public.fbarber_paket_s (:p_row_id,:p_lastupdatestamp);
	 map[p_lastupdatestamp:542 p_row_id:3]
[INFO][Res][response.go:31]2020/07/19 15:19:03 {"message":"Ok","data":[{"descs":"bla bla bla","durasi_end":30,"durasi_start":20,"is_active":true,"is_promo":true,"lastupdatestamp":542,"owner_id":5,"paket_id":3,"paket_name":"Creambath+ pijit++","price":"NTEwMDAuMDAwMA==","promo_end":"2020-08-09T00:00:00Z","promo_price":"NDkwMDAuMDAwMA==","promo_start":"2020-07-19T00:00:00Z","row_id":3,"time_edit":"2020-07-19T07:05:07.12996Z","time_input":"2020-07-19T06:27:27.303408Z","user_edit":"1","user_input":"1"}]}
[QUERY][(*repoOptionDB)][repo_option.go:28]2020/07/19 15:29:43 SELECT 	option_id, option_url, method_api, 
									sp, line_no, table_name, 
									user_input, user_edit, time_input, 
									time_edit
						  FROM public.ss_option_db
						  		WHERE option_url iLIKE $1
						  ORDER BY line_no , method_api;					  
	 BarberPaket
[QUERY][(*repoOptionDB)][repo_option.go:58]2020/07/19 15:29:49 
		WITH result_set AS
		(
			SELECT
				row_number() OVER (ORDER BY time_edit desc) as no,
				paket_id,owner_id,paket_name,descs,durasi_start,durasi_end,price,is_active,is_promo,promo_price,TO_CHAR(promo_start,'DD/MM/YYYY HH24:MI') as promo_start,TO_CHAR(promo_end,'DD/MM/YYYY HH24:MI') as promo_end,user_input,user_edit,TO_CHAR(time_input,'DD/MM/YYYY HH24:MI') as time_input,TO_CHAR(time_edit,'DD/MM/YYYY HH24:MI') as time_edit,row_id,lastupdatestamp
			FROM vbarber_paket
			
		)
		SELECT * FROM result_set
		LIMIT $1
		OFFSET $2 ;
	 10 0
[QUERY][(*repoOptionDB)][repo_option.go:28]2020/07/19 15:29:49 SELECT 	option_id, option_url, method_api, 
									sp, line_no, table_name, 
									user_input, user_edit, time_input, 
									time_edit
						  FROM public.ss_option_db
						  		WHERE option_url iLIKE $1
						  ORDER BY line_no , method_api;					  
	 BarberPaket
[INFO][Res][response.go:31]2020/07/19 15:29:49 {"message":"","data":{"page":1,"total":3,"last_page":1,"define_size":"S,S,S,S,S,S,S,S,S,S,S,S,S,S,S,S,S,S","define_column":"no,paket_id,owner_id,paket_name,descs,durasi_start,durasi_end,price,is_active,is_promo,promo_price,promo_start,promo_end,user_input,user_edit,time_input,time_edit,row_id,lastupdatestamp","all_column":"paket_id,owner_id,paket_name,descs,durasi_start,durasi_end,price,is_active,is_promo,promo_price,promo_start,promo_end,user_input,user_edit,time_input,time_edit,row_id,lastupdatestamp","data":[{"descs":"bla bla bla","durasi_end":30,"durasi_start":20,"is_active":true,"is_promo":true,"lastupdatestamp":542,"no":1,"owner_id":5,"paket_id":3,"paket_name":"Creambath+ pijit++","price":"NTEwMDAuMDAwMA==","promo_end":"09/08/2020 00:00","promo_price":"NDkwMDAuMDAwMA==","promo_start":"19/07/2020 00:00","row_id":3,"time_edit":"19/07/2020 07:05","time_input":"19/07/2020 06:27","user_edit":"1","user_input":"1"},{"descs":"bla bla bla","durasi_end":30,"durasi_start":20,"is_active":true,"is_promo":true,"lastupdatestamp":534,"no":2,"owner_id":5,"paket_id":2,"paket_name":"Creambath","price":"NTEwMDAuMDAwMA==","promo_end":"09/01/2020 00:00","promo_price":"NDkwMDAuMDAwMA==","promo_start":"07/01/2020 00:00","row_id":2,"time_edit":"19/07/2020 06:22","time_input":"19/07/2020 06:22","user_edit":"1","user_input":"1"},{"descs":"bla bla bla","durasi_end":30,"durasi_start":10,"is_active":true,"is_promo":null,"lastupdatestamp":533,"no":3,"owner_id":5,"paket_id":1,"paket_name":"Potong Rambut + Cuci","price":"NTAwMDAuMDAwMA==","promo_end":null,"promo_price":null,"promo_start":null,"row_id":1,"time_edit":"19/07/2020 06:19","time_input":"19/07/2020 06:19","user_edit":"1","user_input":"1"}],"message":""}}
[QUERY][(*repoOptionDB)][repo_option.go:58]2020/07/19 15:29:54 
		WITH result_set AS
		(
			SELECT
				row_number() OVER (ORDER BY time_edit desc) as no,
				paket_id,owner_id,paket_name,descs,durasi_start,durasi_end,price,is_active,is_promo,promo_price,TO_CHAR(promo_start,'DD/MM/YYYY HH24:MI') as promo_start,TO_CHAR(promo_end,'DD/MM/YYYY HH24:MI') as promo_end,user_input,user_edit,TO_CHAR(time_input,'DD/MM/YYYY HH24:MI') as time_input,TO_CHAR(time_edit,'DD/MM/YYYY HH24:MI') as time_edit,row_id,lastupdatestamp
			FROM vbarber_paket
			
		)
		SELECT * FROM result_set
		LIMIT $1
		OFFSET $2 ;
	 10 0
[INFO][Res][response.go:31]2020/07/19 15:29:54 {"message":"","data":{"page":1,"total":3,"last_page":1,"define_size":"S,S,S,S,S,S,S,S,S,S,S,S,S,S,S,S,S,S","define_column":"no,paket_id,owner_id,paket_name,descs,durasi_start,durasi_end,price,is_active,is_promo,promo_price,promo_start,promo_end,user_input,user_edit,time_input,time_edit,row_id,lastupdatestamp","all_column":"paket_id,owner_id,paket_name,descs,durasi_start,durasi_end,price,is_active,is_promo,promo_price,promo_start,promo_end,user_input,user_edit,time_input,time_edit,row_id,lastupdatestamp","data":[{"descs":"bla bla bla","durasi_end":30,"durasi_start":20,"is_active":true,"is_promo":true,"lastupdatestamp":542,"no":1,"owner_id":5,"paket_id":3,"paket_name":"Creambath+ pijit++","price":"NTEwMDAuMDAwMA==","promo_end":"09/08/2020 00:00","promo_price":"NDkwMDAuMDAwMA==","promo_start":"19/07/2020 00:00","row_id":3,"time_edit":"19/07/2020 07:05","time_input":"19/07/2020 06:27","user_edit":"1","user_input":"1"},{"descs":"bla bla bla","durasi_end":30,"durasi_start":20,"is_active":true,"is_promo":true,"lastupdatestamp":534,"no":2,"owner_id":5,"paket_id":2,"paket_name":"Creambath","price":"NTEwMDAuMDAwMA==","promo_end":"09/01/2020 00:00","promo_price":"NDkwMDAuMDAwMA==","promo_start":"07/01/2020 00:00","row_id":2,"time_edit":"19/07/2020 06:22","time_input":"19/07/2020 06:22","user_edit":"1","user_input":"1"},{"descs":"bla bla bla","durasi_end":30,"durasi_start":10,"is_active":true,"is_promo":null,"lastupdatestamp":533,"no":3,"owner_id":5,"paket_id":1,"paket_name":"Potong Rambut + Cuci","price":"NTAwMDAuMDAwMA==","promo_end":null,"promo_price":null,"promo_start":null,"row_id":1,"time_edit":"19/07/2020 06:19","time_input":"19/07/2020 06:19","user_edit":"1","user_input":"1"}],"message":""}}
[QUERY][(*repoOptionDB)][repo_option.go:28]2020/07/19 15:30:55 SELECT 	option_id, option_url, method_api, 
									sp, line_no, table_name, 
									user_input, user_edit, time_input, 
									time_edit
						  FROM public.ss_option_db
						  		WHERE option_url iLIKE $1
						  ORDER BY line_no , method_api;					  
	 BarberPaket
[QUERY][(*repoOptionDB)][repo_option.go:37]2020/07/19 15:30:56  
			SELECT routines.routine_name,
				parameters.parameter_name,
				parameters.data_type,
				parameters.ordinal_position
			FROM information_schema.routines
			LEFT JOIN information_schema.parameters ON routines.specific_name = parameters.specific_name
			WHERE 	routines.specific_catalog = current_database() AND
					routines.specific_schema = 'public' AND
					routines.routine_name iLIKE $1 AND
					parameters.parameter_mode = 'IN'
			ORDER BY routines.specific_name, routines.routine_name, parameters.ordinal_position;

	
	 fbarber_paket_u
[QUERY][(*repoOptionDB)][repo_option.go:47]2020/07/19 15:30:56 
		SELECT fbarber_paket_u as row_id FROM public.fbarber_paket_u (:p_paket_id,:p_owner_id,:p_paket_name,:p_descs,:p_durasi_start,:p_durasi_end,:p_price,:p_is_active,:p_is_promo,:p_promo_price,:p_promo_start,:p_promo_end,:p_lastupdatestamp,:p_user_edit);
	 map[p_descs:bla bla bla p_durasi_end:30 p_durasi_start:20 p_is_active:true p_is_promo:true p_lastupdatestamp:542 p_owner_id:5 p_paket_id:3 p_paket_name:Creambath+ pijit p_price:51000 p_promo_end:2020-08-29T10:00:00 p_promo_price:49000 p_promo_start:2020-07-29T10:00:00 p_user_edit:1]
[INFO][Res][response.go:31]2020/07/19 15:30:56 {"message":"Ok","data":[{"row_id":1}]}
[QUERY][(*repoOptionDB)][repo_option.go:28]2020/07/19 16:00:45 SELECT 	option_id, option_url, method_api, 
									sp, line_no, table_name, 
									user_input, user_edit, time_input, 
									time_edit
						  FROM public.ss_option_db
						  		WHERE option_url iLIKE $1
						  ORDER BY line_no , method_api;					  
	 BarberPaket
[QUERY][(*repoOptionDB)][repo_option.go:37]2020/07/19 16:00:45  
			SELECT routines.routine_name,
				parameters.parameter_name,
				parameters.data_type,
				parameters.ordinal_position
			FROM information_schema.routines
			LEFT JOIN information_schema.parameters ON routines.specific_name = parameters.specific_name
			WHERE 	routines.specific_catalog = current_database() AND
					routines.specific_schema = 'public' AND
					routines.routine_name iLIKE $1 AND
					parameters.parameter_mode = 'IN'
			ORDER BY routines.specific_name, routines.routine_name, parameters.ordinal_position;

	
	 fbarber_paket_s
[QUERY][(*repoOptionDB)][repo_option.go:47]2020/07/19 16:01:03 
		SELECT * FROM public.fbarber_paket_s (:p_row_id,:p_lastupdatestamp);
	 map[p_lastupdatestamp:542 p_row_id:3]
[INFO][Res][response.go:31]2020/07/19 16:02:05 {"message":"Ok","data":[]}
[QUERY][(*repoOptionDB)][repo_option.go:28]2020/07/19 16:02:38 SELECT 	option_id, option_url, method_api, 
									sp, line_no, table_name, 
									user_input, user_edit, time_input, 
									time_edit
						  FROM public.ss_option_db
						  		WHERE option_url iLIKE $1
						  ORDER BY line_no , method_api;					  
	 BarberPaket
[QUERY][(*repoOptionDB)][repo_option.go:58]2020/07/19 16:02:44 
		WITH result_set AS
		(
			SELECT
				row_number() OVER (ORDER BY time_edit desc) as no,
				paket_id,owner_id,paket_name,descs,durasi_start,durasi_end,price,is_active,is_promo,promo_price,TO_CHAR(promo_start,'DD/MM/YYYY HH24:MI') as promo_start,TO_CHAR(promo_end,'DD/MM/YYYY HH24:MI') as promo_end,user_input,user_edit,TO_CHAR(time_input,'DD/MM/YYYY HH24:MI') as time_input,TO_CHAR(time_edit,'DD/MM/YYYY HH24:MI') as time_edit,row_id,lastupdatestamp
			FROM vbarber_paket
			
		)
		SELECT * FROM result_set
		LIMIT $1
		OFFSET $2 ;
	 10 0
[QUERY][(*repoOptionDB)][repo_option.go:28]2020/07/19 16:11:50 SELECT 	option_id, option_url, method_api, 
									sp, line_no, table_name, 
									user_input, user_edit, time_input, 
									time_edit
						  FROM public.ss_option_db
						  		WHERE option_url iLIKE $1
						  ORDER BY line_no , method_api;					  
	 BarberPaket
[QUERY][(*repoOptionDB)][repo_option.go:37]2020/07/19 16:11:50  
			SELECT routines.routine_name,
				parameters.parameter_name,
				parameters.data_type,
				parameters.ordinal_position
			FROM information_schema.routines
			LEFT JOIN information_schema.parameters ON routines.specific_name = parameters.specific_name
			WHERE 	routines.specific_catalog = current_database() AND
					routines.specific_schema = 'public' AND
					routines.routine_name iLIKE $1 AND
					parameters.parameter_mode = 'IN'
			ORDER BY routines.specific_name, routines.routine_name, parameters.ordinal_position;

	
	 fbarber_paket_s
[QUERY][(*repoOptionDB)][repo_option.go:47]2020/07/19 16:11:58 
		SELECT * FROM public.fbarber_paket_s (:p_row_id,:p_lastupdatestamp);
	 map[p_lastupdatestamp:543 p_row_id:3]
[INFO][Res][response.go:31]2020/07/19 16:12:12 {"message":"Ok","data":[]}
[QUERY][(*repoOptionDB)][repo_option.go:28]2020/07/19 16:13:10 SELECT 	option_id, option_url, method_api, 
									sp, line_no, table_name, 
									user_input, user_edit, time_input, 
									time_edit
						  FROM public.ss_option_db
						  		WHERE option_url iLIKE $1
						  ORDER BY line_no , method_api;					  
	 BarberPaket
[QUERY][(*repoOptionDB)][repo_option.go:37]2020/07/19 16:13:10  
			SELECT routines.routine_name,
				parameters.parameter_name,
				parameters.data_type,
				parameters.ordinal_position
			FROM information_schema.routines
			LEFT JOIN information_schema.parameters ON routines.specific_name = parameters.specific_name
			WHERE 	routines.specific_catalog = current_database() AND
					routines.specific_schema = 'public' AND
					routines.routine_name iLIKE $1 AND
					parameters.parameter_mode = 'IN'
			ORDER BY routines.specific_name, routines.routine_name, parameters.ordinal_position;

	
	 fbarber_paket_s
[QUERY][(*repoOptionDB)][repo_option.go:47]2020/07/19 16:13:17 
		SELECT * FROM public.fbarber_paket_s (:p_row_id,:p_lastupdatestamp);
	 map[p_lastupdatestamp:544 p_row_id:3]
[QUERY][(*repoOptionDB)][repo_option.go:28]2020/07/19 16:18:23 SELECT 	option_id, option_url, method_api, 
									sp, line_no, table_name, 
									user_input, user_edit, time_input, 
									time_edit
						  FROM public.ss_option_db
						  		WHERE option_url iLIKE $1
						  ORDER BY line_no , method_api;					  
	 BarberPaket
[QUERY][(*repoOptionDB)][repo_option.go:37]2020/07/19 16:18:23  
			SELECT routines.routine_name,
				parameters.parameter_name,
				parameters.data_type,
				parameters.ordinal_position
			FROM information_schema.routines
			LEFT JOIN information_schema.parameters ON routines.specific_name = parameters.specific_name
			WHERE 	routines.specific_catalog = current_database() AND
					routines.specific_schema = 'public' AND
					routines.routine_name iLIKE $1 AND
					parameters.parameter_mode = 'IN'
			ORDER BY routines.specific_name, routines.routine_name, parameters.ordinal_position;

	
	 fbarber_paket_s
[QUERY][(*repoOptionDB)][repo_option.go:47]2020/07/19 16:18:31 
		SELECT * FROM public.fbarber_paket_s (:p_row_id,:p_lastupdatestamp);
	 map[p_lastupdatestamp:544 p_row_id:3]
[INFO][Res][response.go:31]2020/07/19 16:27:56 {"message":"Ok","data":[{"descs":"bla bla bla","durasi_end":30,"durasi_start":20,"is_active":true,"is_promo":true,"lastupdatestamp":544,"owner_id":5,"paket_id":3,"paket_name":"Creambath+ pijit","price":"NTEwMDAuMDAwMA==","promo_end":"2020-08-29T10:00:00Z","promo_price":"NDkwMDAuMDAwMA==","promo_start":"2020-07-29T10:00:00Z","row_id":3,"time_edit":"2020-07-19T08:30:56.434391Z","time_input":"2020-07-19T06:27:27.303408Z","user_edit":"1","user_input":"1"}]}
[QUERY][(*repoOptionDB)][repo_option.go:28]2020/07/19 16:28:38 SELECT 	option_id, option_url, method_api, 
									sp, line_no, table_name, 
									user_input, user_edit, time_input, 
									time_edit
						  FROM public.ss_option_db
						  		WHERE option_url iLIKE $1
						  ORDER BY line_no , method_api;					  
	 BarberPaket
[QUERY][(*repoOptionDB)][repo_option.go:37]2020/07/19 16:28:38  
			SELECT routines.routine_name,
				parameters.parameter_name,
				parameters.data_type,
				parameters.ordinal_position
			FROM information_schema.routines
			LEFT JOIN information_schema.parameters ON routines.specific_name = parameters.specific_name
			WHERE 	routines.specific_catalog = current_database() AND
					routines.specific_schema = 'public' AND
					routines.routine_name iLIKE $1 AND
					parameters.parameter_mode = 'IN'
			ORDER BY routines.specific_name, routines.routine_name, parameters.ordinal_position;

	
	 fbarber_paket_s
[QUERY][(*repoOptionDB)][repo_option.go:47]2020/07/19 16:28:46 
		SELECT * FROM public.fbarber_paket_s (:p_row_id,:p_lastupdatestamp);
	 map[p_lastupdatestamp:544 p_row_id:3]
[INFO][Res][response.go:31]2020/07/19 16:30:25 {"message":"Ok","data":[{"descs":"bla bla bla","durasi_end":30,"durasi_start":20,"is_active":true,"is_promo":true,"lastupdatestamp":544,"owner_id":5,"paket_id":3,"paket_name":"Creambath+ pijit","price":"NTEwMDAuMDAwMA==","promo_end":"2020-08-29T10:00:00Z","promo_price":"NDkwMDAuMDAwMA==","promo_start":"2020-07-29T10:00:00Z","row_id":3,"time_edit":"2020-07-19T08:30:56.434391Z","time_input":"2020-07-19T06:27:27.303408Z","user_edit":"1","user_input":"1"}]}
[QUERY][(*repoOptionDB)][repo_option.go:28]2020/07/19 16:35:10 SELECT 	option_id, option_url, method_api, 
									sp, line_no, table_name, 
									user_input, user_edit, time_input, 
									time_edit
						  FROM public.ss_option_db
						  		WHERE option_url iLIKE $1
						  ORDER BY line_no , method_api;					  
	 BarberPaket
[QUERY][(*repoOptionDB)][repo_option.go:37]2020/07/19 16:35:10  
			SELECT routines.routine_name,
				parameters.parameter_name,
				parameters.data_type,
				parameters.ordinal_position
			FROM information_schema.routines
			LEFT JOIN information_schema.parameters ON routines.specific_name = parameters.specific_name
			WHERE 	routines.specific_catalog = current_database() AND
					routines.specific_schema = 'public' AND
					routines.routine_name iLIKE $1 AND
					parameters.parameter_mode = 'IN'
			ORDER BY routines.specific_name, routines.routine_name, parameters.ordinal_position;

	
	 fbarber_paket_s
[QUERY][(*repoOptionDB)][repo_option.go:47]2020/07/19 16:35:18 
		SELECT * FROM public.fbarber_paket_s (:p_row_id,:p_lastupdatestamp);
	 map[p_lastupdatestamp:544 p_row_id:3]
[INFO][Res][response.go:31]2020/07/19 16:36:31 {"message":"Ok","data":[{"descs":"bla bla bla","durasi_end":30,"durasi_start":20,"is_active":true,"is_promo":true,"lastupdatestamp":544,"owner_id":5,"paket_id":3,"paket_name":"Creambath+ pijit","price":"NTEwMDAuMDAwMA==","promo_end":"2020-08-29T10:00:00Z","promo_price":"NDkwMDAuMDAwMA==","promo_start":"2020-07-29T10:00:00Z","row_id":3,"time_edit":"2020-07-19T08:30:56.434391Z","time_input":"2020-07-19T06:27:27.303408Z","user_edit":"1","user_input":"1"}]}
[QUERY][(*repoOptionDB)][repo_option.go:28]2020/07/19 16:38:41 SELECT 	option_id, option_url, method_api, 
									sp, line_no, table_name, 
									user_input, user_edit, time_input, 
									time_edit
						  FROM public.ss_option_db
						  		WHERE option_url iLIKE $1
						  ORDER BY line_no , method_api;					  
	 BarberPaket
[QUERY][(*repoOptionDB)][repo_option.go:37]2020/07/19 16:38:41  
			SELECT routines.routine_name,
				parameters.parameter_name,
				parameters.data_type,
				parameters.ordinal_position
			FROM information_schema.routines
			LEFT JOIN information_schema.parameters ON routines.specific_name = parameters.specific_name
			WHERE 	routines.specific_catalog = current_database() AND
					routines.specific_schema = 'public' AND
					routines.routine_name iLIKE $1 AND
					parameters.parameter_mode = 'IN'
			ORDER BY routines.specific_name, routines.routine_name, parameters.ordinal_position;

	
	 fbarber_paket_s
[QUERY][(*repoOptionDB)][repo_option.go:47]2020/07/19 16:38:50 
		SELECT * FROM public.fbarber_paket_s (:p_row_id,:p_lastupdatestamp);
	 map[p_lastupdatestamp:544 p_row_id:3]
[QUERY][(*repoOptionDB)][repo_option.go:28]2020/07/19 16:42:14 SELECT 	option_id, option_url, method_api, 
									sp, line_no, table_name, 
									user_input, user_edit, time_input, 
									time_edit
						  FROM public.ss_option_db
						  		WHERE option_url iLIKE $1
						  ORDER BY line_no , method_api;					  
	 BarberPaket
[QUERY][(*repoOptionDB)][repo_option.go:37]2020/07/19 16:42:14  
			SELECT routines.routine_name,
				parameters.parameter_name,
				parameters.data_type,
				parameters.ordinal_position
			FROM information_schema.routines
			LEFT JOIN information_schema.parameters ON routines.specific_name = parameters.specific_name
			WHERE 	routines.specific_catalog = current_database() AND
					routines.specific_schema = 'public' AND
					routines.routine_name iLIKE $1 AND
					parameters.parameter_mode = 'IN'
			ORDER BY routines.specific_name, routines.routine_name, parameters.ordinal_position;

	
	 fbarber_paket_s
[QUERY][(*repoOptionDB)][repo_option.go:47]2020/07/19 16:42:14 
		SELECT * FROM public.fbarber_paket_s (:p_row_id,:p_lastupdatestamp);
	 map[p_lastupdatestamp:544 p_row_id:3]
[INFO][Res][response.go:31]2020/07/19 16:43:19 {"message":"Ok","data":[{"descs":"bla bla bla","durasi_end":30,"durasi_start":20,"is_active":true,"is_promo":true,"lastupdatestamp":544,"owner_id":5,"paket_id":3,"paket_name":"Creambath+ pijit","price":51000,"promo_end":"2020-08-29T10:00:00Z","promo_price":49000,"promo_start":"2020-07-29T10:00:00Z","row_id":3,"time_edit":"2020-07-19T08:30:56.434391Z","time_input":"2020-07-19T06:27:27.303408Z","user_edit":"1","user_input":"1"}]}
