[INFO][(*ContAuth)][cont_auth.go:76]2020/08/12 22:11:49 {"account":"0000","pwd":"1"}
[QUERY][(*repoAuth)][repo_ss_fileupload.go:40]2020/08/12 22:11:50 &{SELECT * FROM "sa_file_upload"  WHERE (file_id = ?) [0]}
[INFO][Res][response.go:31]2020/08/12 22:11:50 {"message":"Ok","data":{"data_user":{"email":"admin@cukur.in","file_id":0,"file_name":"","file_path":"","id":1,"telp":"0000","user_name":"Admin","user_type":"Owner"},"token":"eyJhbGciOiJIUzI1NiIsInR5cCI6IkpXVCJ9.eyJ1c2VyX2lkIjoxLCJ1c2VyX25hbWUiOiIwMDAwIiwidXNlcl90eXBlIjoiT3duZXIiLCJleHAiOjE1OTc1MDQzMTAsImlzcyI6IlByb3BlcnR5RnJhbWV3b3JrIn0.dQ8wBLHabDpeYi7_rZYfcyiY41PCKXclS-doxR_p9yA"}}
[QUERY][(*repoBarber)][repo_barber.go:78]2020/08/12 22:12:35 &{SELECT ss_user.user_id as barber_id,ss_user.name,ss_user.is_active,sa_file_upload.file_id,sa_file_upload.file_name,sa_file_upload.file_path,sa_file_upload.file_type, '0' as rating FROM "ss_user" left join sa_file_upload ON sa_file_upload.file_id = ss_user.file_id  LIMIT 5 OFFSET 0 []}
[QUERY][(*repoBarber)][repo_barber.go:150]2020/08/12 22:12:35 &{SELECT ss_user.user_id as barber_id,ss_user.name,ss_user.is_active, 0 as rating FROM "ss_user"   []}
[INFO][Res][response.go:31]2020/08/12 22:12:35 {"message":"","data":{"page":1,"total":4,"last_page":1,"define_size":"","define_column":"","all_column":"","data":[{"barber_id":7,"owner_id":0,"barber_name":"","address":"","file_id":0,"pin_map":"","starts":0,"operation_start":0,"operation_end":0,"user_input":"","user_edit":"","time_input":"0001-01-01T00:00:00Z","time_Edit":"0001-01-01T00:00:00Z"},{"barber_id":1,"owner_id":0,"barber_name":"","address":"","file_id":0,"pin_map":"","starts":0,"operation_start":0,"operation_end":0,"user_input":"","user_edit":"","time_input":"0001-01-01T00:00:00Z","time_Edit":"0001-01-01T00:00:00Z"},{"barber_id":2,"owner_id":0,"barber_name":"","address":"","file_id":0,"pin_map":"","starts":0,"operation_start":0,"operation_end":0,"user_input":"","user_edit":"","time_input":"0001-01-01T00:00:00Z","time_Edit":"0001-01-01T00:00:00Z"},{"barber_id":9,"owner_id":0,"barber_name":"","address":"","file_id":2,"pin_map":"","starts":0,"operation_start":0,"operation_end":0,"user_input":"","user_edit":"","time_input":"0001-01-01T00:00:00Z","time_Edit":"0001-01-01T00:00:00Z"}],"message":""}}
[QUERY][(*repoCapsterCollection)][repo_capster_collection.go:90]2020/08/12 22:12:44 &{SELECT ss_user.user_id as capster_id,ss_user.name,ss_user.is_active,sa_file_upload.file_id,sa_file_upload.file_name,sa_file_upload.file_path,sa_file_upload.file_type, '0' as rating FROM "ss_user" left join sa_file_upload ON sa_file_upload.file_id = ss_user.file_id WHERE (user_type='capster') LIMIT 5 OFFSET 0 []}
[QUERY][(*repoCapsterCollection)][repo_capster_collection.go:162]2020/08/12 22:12:44 &{SELECT ss_user.user_id as capster_id,ss_user.name,ss_user.is_active, 0 as rating FROM "ss_user"  WHERE (user_type='capster') []}
[INFO][Res][response.go:31]2020/08/12 22:12:44 {"message":"","data":{"page":1,"total":3,"last_page":1,"define_size":"","define_column":"","all_column":"","data":[{"capster_id":7,"name":"Uchiha Otnay","is_active":false,"file_id":0,"file_name":"","file_path":"","file_type":""},{"capster_id":2,"name":"Danniel","is_active":true,"file_id":0,"file_name":"","file_path":"","file_type":""},{"capster_id":9,"name":"capster 1 update","is_active":true,"file_id":2,"file_name":"1595093364_naruto.jpg","file_path":"/wwwroot/uploads/Profile/1595093364_naruto.jpg","file_type":".jpg"}],"message":""}}
[INFO][(*ContAuth)][cont_auth.go:76]2020/08/12 22:54:04 {"account":"0000","pwd":"1"}
[QUERY][(*repoAuth)][repo_ss_fileupload.go:40]2020/08/12 22:54:04 &{SELECT * FROM "sa_file_upload"  WHERE (file_id = ?) [0]}
[INFO][Res][response.go:31]2020/08/12 22:54:04 {"message":"Ok","data":{"data_user":{"email":"admin@cukur.in","file_id":0,"file_name":"","file_path":"","id":1,"telp":"0000","user_name":"Admin","user_type":"Owner"},"token":"eyJhbGciOiJIUzI1NiIsInR5cCI6IkpXVCJ9.eyJ1c2VyX2lkIjoiMSIsInVzZXJfbmFtZSI6IjAwMDAiLCJ1c2VyX3R5cGUiOiJPd25lciIsImV4cCI6MTU5NzUwNjg0NCwiaXNzIjoiUHJvcGVydHlGcmFtZXdvcmsifQ.IZ4iKQLbhTLF0scPXkEnd0aHRNp9LMThQGPah31L8fE"}}
[INFO][(*ContFileUpload)][cont_file_upload.go:76]2020/08/12 22:55:43 [Capster]
[QUERY][(*repoAuth)][repo_ss_fileupload.go:24]2020/08/12 22:56:05 &{SELECT * FROM "sa_file_upload"   []}
[INFO][Res][response.go:31]2020/08/12 22:56:05 {"message":"Ok","data":[{"file_id":0,"file_name":"1597247753_WhatsApp Image 2020-05-11 at 10.56.34.jpeg","file_path":"/wwwroot/uploads/Capster/1597247753_WhatsApp Image 2020-05-11 at 10.56.34.jpeg","file_type":".jpeg","user_input":"0000","time_input":"0001-01-01T00:00:00Z","user_edit":"0000","time_edit":"0001-01-01T00:00:00Z"}]}
[INFO][(*ContFileUpload)][cont_file_upload.go:76]2020/08/12 22:57:38 [Capster]
[QUERY][(*repoAuth)][repo_ss_fileupload.go:24]2020/08/12 22:57:58 &{SELECT * FROM "sa_file_upload"   []}
[INFO][(*ContFileUpload)][cont_file_upload.go:76]2020/08/12 23:04:00 [Capster]
[QUERY][(*repoAuth)][repo_ss_fileupload.go:24]2020/08/12 23:04:16 &{SELECT * FROM "sa_file_upload"  WHERE "sa_file_upload"."file_id" = ? [3]}
[INFO][Res][response.go:31]2020/08/12 23:04:16 {"message":"Ok","data":[{"file_id":3,"file_name":"1597248249_naruto.jpg","file_path":"/wwwroot/uploads/Capster/1597248249_naruto.jpg","file_type":".jpg","user_input":"0000","user_edit":"0000","time_input":"2020-08-12T16:04:16.290494Z","time_Edit":"2020-08-12T16:04:16.290494Z"}]}
[INFO][(*ContBarber)][cont_barber.go:153]2020/08/12 23:23:52 {"barber_name":"Asgard","address":"Jl.XXX","file_id":3,"pin_map":"1.24.12.4.124,124124.124.","starts":4,"operation_start":1549312452,"operation_end":1549312452,"BarberPaket":[{"paket_id":1}],"BarberCapster":[{"capster_jd":2},{"capster_jd":7}]}
[INFO][(*ContBarber)][cont_barber.go:153]2020/08/12 23:33:20 {"barber_name":"Asgard","address":"Jl.XXX","file_id":3,"pin_map":"1.24.12.4.124,124124.124.","starts":4,"operation_start":1549312452,"operation_end":1549312452,"BarberPaket":[{"paket_id":1}],"BarberCapster":[{"capster_jd":2},{"capster_jd":7}]}
[INFO][(*ContBarber)][cont_barber.go:153]2020/08/12 23:47:10 {"barber_name":"Asgard","address":"Jl.XXX","file_id":3,"pin_map":"1.24.12.4.124,124124.124.","starts":4,"operation_start":1549312452,"operation_end":1549312452,"BarberPaket":[{"paket_id":1}],"BarberCapster":[{"capster_jd":2},{"capster_jd":7}]}
[QUERY][(*repoBarber)][repo_barber.go:95]2020/08/12 23:49:08 &{SELECT * FROM "barber"  WHERE "barber"."barber_id" = ? AND "barber"."owner_id" = ? AND "barber"."file_id" = ? [1 1 3]}
[QUERY][(*repoBarberCapster)][repo_barber_capster.go:95]2020/08/12 23:53:39 &{SELECT * FROM "barber_capster"  WHERE "barber_capster"."barber_id" = ? AND "barber_capster"."capster_id" = ? [1 2]}
[QUERY][(*repoBarberCapster)][repo_barber_capster.go:95]2020/08/12 23:54:07 &{SELECT * FROM "barber_capster"  WHERE "barber_capster"."barber_id" = ? AND "barber_capster"."capster_id" = ? [1 7]}
[QUERY][(*repoBarberPaket)][repo_barber_paket.go:95]2020/08/12 23:54:13 &{SELECT * FROM "barber_paket"  WHERE "barber_paket"."barber_id" = ? AND "barber_paket"."paket_id" = ? [1 1]}
[INFO][Res][response.go:31]2020/08/12 23:54:13 {"message":"Ok","data":null}
