[INFO][(*ContCapster)][cont_capster.go:155]2020/08/09 22:31:33 {"name":"","user_type":"","is_active":true,"join_date":"0001-01-01T00:00:00Z","file_id":2,"TopCollection":null}
[ERROR][Res][response.go:43]2020/08/09 22:31:47 {"message":"invalid request param: code=400, message=parsing time \"\"2020-08-09T22:45:00\"\" as \"\"2006-01-02T15:04:05Z07:00\"\": cannot parse \"\"\" as \"Z07:00\", internal=parsing time \"\"2020-08-09T22:45:00\"\" as \"\"2006-01-02T15:04:05Z07:00\"\": cannot parse \"\"\" as \"Z07:00\"","data":null}
[INFO][(*ContCapster)][cont_capster.go:155]2020/08/09 22:36:15 {"name":"","user_type":"","is_active":true,"join_date":"0001-01-01T00:00:00Z","file_id":2,"TopCollection":null}
[ERROR][Res][response.go:43]2020/08/09 22:36:15 {"message":"invalid request param: code=400, message=parsing time \"\"2020-08-09T08:45:00\"\" as \"\"2006-01-02T15:04:05Z07:00\"\": cannot parse \"\"\" as \"Z07:00\", internal=parsing time \"\"2020-08-09T08:45:00\"\" as \"\"2006-01-02T15:04:05Z07:00\"\": cannot parse \"\"\" as \"Z07:00\"","data":null}
[INFO][(*ContCapster)][cont_capster.go:155]2020/08/09 22:37:31 {"name":"","user_type":"","is_active":true,"join_date":"0001-01-01T00:00:00Z","file_id":2,"TopCollection":null}
[ERROR][Res][response.go:43]2020/08/09 22:37:31 {"message":"invalid request param: code=400, message=parsing time \"\"2020-08-09T15:04:05Z07:00\"\" as \"\"2006-01-02T15:04:05Z07:00\"\": cannot parse \"07:00\"\" as \"\"\", internal=parsing time \"\"2020-08-09T15:04:05Z07:00\"\" as \"\"2006-01-02T15:04:05Z07:00\"\": cannot parse \"07:00\"\" as \"\"\"","data":null}
[INFO][(*ContCapster)][cont_capster.go:155]2020/08/09 22:38:52 {"name":"","user_type":"","is_active":true,"join_date":"0001-01-01T00:00:00Z","file_id":2,"TopCollection":null}
[ERROR][Res][response.go:43]2020/08/09 22:38:52 {"message":"invalid request param: code=400, message=parsing time \"\"2020-08-13\"\" as \"\"2006-01-02T15:04:05Z07:00\"\": cannot parse \"\"\" as \"T\", internal=parsing time \"\"2020-08-13\"\" as \"\"2006-01-02T15:04:05Z07:00\"\": cannot parse \"\"\" as \"T\"","data":null}
[INFO][(*ContCapster)][cont_capster.go:155]2020/08/09 22:39:22 {"name":"","user_type":"","is_active":true,"join_date":"0001-01-01T00:00:00Z","file_id":2,"TopCollection":null}
[ERROR][Res][response.go:43]2020/08/09 22:39:22 {"message":"invalid request param: code=400, message=parsing time \"\"2020-08-13T21:00:000\"\" as \"\"2006-01-02T15:04:05Z07:00\"\": cannot parse \"0\"\" as \"Z07:00\", internal=parsing time \"\"2020-08-13T21:00:000\"\" as \"\"2006-01-02T15:04:05Z07:00\"\": cannot parse \"0\"\" as \"Z07:00\"","data":null}
[INFO][(*ContCapster)][cont_capster.go:155]2020/08/09 22:40:30 {"name":"capster 1","user_type":"capster","is_active":true,"join_date":"2020-08-13T21:00:00Z","file_id":2,"TopCollection":[{"file_id":1}]}
[QUERY][(*repoSysUser)][repo_ss_users.go:115]2020/08/09 22:42:14 &{SELECT * FROM "ss_user"  WHERE "ss_user"."user_id" = ? [9]}
[QUERY][(*repoCapsterCollection)][repo_capster_collection.go:111]2020/08/09 22:42:48 &{SELECT * FROM "capster_collection"  WHERE "capster_collection"."capster_id" = ? AND "capster_collection"."file_id" = ? [9 1]}
[INFO][Res][response.go:31]2020/08/09 22:43:01 {"message":"Ok","data":null}
[INFO][(*ContAuth)][cont_auth.go:76]2020/08/09 22:44:05 {"account":"0000","pwd":"1"}
[QUERY][(*repoAuth)][repo_ss_fileupload.go:40]2020/08/09 22:44:14 &{SELECT * FROM "sa_file_upload"  WHERE (file_id = ?) [0]}
[INFO][Res][response.go:31]2020/08/09 22:44:14 {"message":"Ok","data":{"data_user":{"email":"admin@cukur.in","file_id":0,"file_name":"","file_path":"","id":1,"telp":"0000","user_name":"Admin","user_type":"Owner"},"token":"eyJhbGciOiJIUzI1NiIsInR5cCI6IkpXVCJ9.eyJ1c2VyX2lkIjoxLCJ1c2VyX25hbWUiOiIwMDAwIiwidXNlcl90eXBlIjoiT3duZXIiLCJleHAiOjE1OTcyNDcwNTQsImlzcyI6IlByb3BlcnR5RnJhbWV3b3JrIn0.zZYNRUnbFGG8NONJSs_C5J24KNsVVMDIWadAM-d-7Bo"}}
[QUERY][(*repoCapsterCollection)][repo_capster_collection.go:88]2020/08/09 22:44:35 &{SELECT ss_user.user_id as capster_id,ss_user.name,ss_user.is_active, 0 as rating FROM "ss_user"   LIMIT 5 OFFSET 0 []}
[QUERY][(*repoCapsterCollection)][repo_capster_collection.go:165]2020/08/09 22:44:35 &{SELECT * FROM "capster_collection"   []}
[INFO][Res][response.go:31]2020/08/09 22:44:35 {"message":"","data":{"page":1,"total":7,"last_page":2,"define_size":"","define_column":"","all_column":"","data":[{"capster_id":2,"name":"Danniel","is_active":true},{"capster_id":7,"name":"Uchiha Otnay","is_active":false},{"capster_id":1,"name":"Admin","is_active":true},{"capster_id":9,"name":"capster 1","is_active":true}],"message":""}}
[QUERY][(*repoCapsterCollection)][repo_capster_collection.go:88]2020/08/09 22:45:52 &{SELECT ss_user.user_id as capster_id,ss_user.name,ss_user.is_active, 0 as rating FROM "ss_user"   LIMIT 5 OFFSET 0 []}
[QUERY][(*repoCapsterCollection)][repo_capster_collection.go:165]2020/08/09 22:45:52 &{SELECT * FROM "capster_collection"   []}
[INFO][Res][response.go:31]2020/08/09 22:45:53 {"message":"","data":{"page":1,"total":7,"last_page":2,"define_size":"","define_column":"","all_column":"","data":[{"capster_id":2,"name":"Danniel","is_active":true},{"capster_id":7,"name":"Uchiha Otnay","is_active":false},{"capster_id":1,"name":"Admin","is_active":true},{"capster_id":9,"name":"capster 1","is_active":true}],"message":""}}
[QUERY][(*repoCapsterCollection)][repo_capster_collection.go:88]2020/08/09 22:49:11 &{SELECT ss_user.user_id as capster_id,ss_user.name,ss_user.is_active, 0 as rating FROM "ss_user"  WHERE (user_type='capster') LIMIT 5 OFFSET 0 []}
[QUERY][(*repoCapsterCollection)][repo_capster_collection.go:165]2020/08/09 22:51:18 &{SELECT * FROM "capster_collection"  WHERE (user_type='capster') []}
[ERROR][Res][response.go:53]2020/08/09 22:51:37 {"page":0,"total":0,"last_page":0,"define_size":"","define_column":"","all_column":"","data":[{"capster_id":7,"name":"Uchiha Otnay","is_active":false},{"capster_id":9,"name":"capster 1","is_active":true},{"capster_id":2,"name":"Danniel","is_active":true}],"message":"pq: column \"user_type\" does not exist"}
[QUERY][(*repoCapsterCollection)][repo_capster_collection.go:88]2020/08/09 23:01:56 &{SELECT ss_user.user_id as capster_id,ss_user.name,ss_user.is_active,sa_file_upload.file_id,sa_file_upload.file_name,sa_file_upload.file_path,sa_file_upload.file_type, '0' as rating FROM "ss_user" left join sa_file_upload ON sa_file_upload.file_id = ss_user.file_id WHERE (user_type='capster') LIMIT 5 OFFSET 0 []}
[QUERY][(*repoCapsterCollection)][repo_capster_collection.go:160]2020/08/09 23:02:30 &{SELECT ss_user.user_id as capster_id,ss_user.name,ss_user.is_active, 0 as rating FROM "ss_user"  WHERE (user_type='capster') []}
[INFO][Res][response.go:31]2020/08/09 23:02:30 {"message":"","data":{"page":1,"total":3,"last_page":1,"define_size":"","define_column":"","all_column":"","data":[{"capster_id":7,"name":"Uchiha Otnay","is_active":false,"file_id":0,"file_name":"","file_path":"","file_type":""},{"capster_id":9,"name":"capster 1","is_active":true,"file_id":2,"file_name":"1595093364_naruto.jpg","file_path":"/wwwroot/uploads/Profile/1595093364_naruto.jpg","file_type":".jpg"},{"capster_id":2,"name":"Danniel","is_active":true,"file_id":0,"file_name":"","file_path":"","file_type":""}],"message":""}}
[QUERY][(*repoCapsterCollection)][repo_capster_collection.go:88]2020/08/09 23:03:29 &{SELECT ss_user.user_id as capster_id,ss_user.name,ss_user.is_active,sa_file_upload.file_id,sa_file_upload.file_name,sa_file_upload.file_path,sa_file_upload.file_type, '0' as rating FROM "ss_user" left join sa_file_upload ON sa_file_upload.file_id = ss_user.file_id WHERE (user_type='capster' and lower(name) LIKE '%capster%' ) LIMIT 5 OFFSET 0 []}
[QUERY][(*repoCapsterCollection)][repo_capster_collection.go:160]2020/08/09 23:03:44 &{SELECT ss_user.user_id as capster_id,ss_user.name,ss_user.is_active, 0 as rating FROM "ss_user"  WHERE (user_type='capster' and lower(name) LIKE '%capster%' ) []}
[INFO][Res][response.go:31]2020/08/09 23:03:44 {"message":"","data":{"page":1,"total":1,"last_page":1,"define_size":"","define_column":"","all_column":"","data":[{"capster_id":9,"name":"capster 1","is_active":true,"file_id":2,"file_name":"1595093364_naruto.jpg","file_path":"/wwwroot/uploads/Profile/1595093364_naruto.jpg","file_type":".jpg"}],"message":""}}
[QUERY][(*repoAuth)][repo_ss_fileupload.go:40]2020/08/09 23:04:15 &{SELECT * FROM "sa_file_upload"  WHERE (file_id = ?) [2]}
[QUERY][(*repoCapsterCollection)][repo_capster_collection.go:42]2020/08/09 23:04:15 &{SELECT capster_collection.file_id,capster_collection.file_name,capster_collection.file_path, capster_collection.file_type FROM "capster_collection"  WHERE (capster_id = ?) [9]}
[INFO][Res][response.go:31]2020/08/09 23:04:15 {"message":"Ok","data":{"capster_id":9,"file_id":2,"file_name":"1595093364_naruto.jpg","file_path":"/wwwroot/uploads/Profile/1595093364_naruto.jpg","join_date":"2020-08-09T15:42:14.015108Z","name":"capster 1","top_collection":[],"user_type":"capster"}}
[QUERY][(*repoAuth)][repo_ss_fileupload.go:40]2020/08/09 23:05:41 &{SELECT * FROM "sa_file_upload"  WHERE (file_id = ?) [2]}
[QUERY][(*repoCapsterCollection)][repo_capster_collection.go:42]2020/08/09 23:06:57 &{SELECT capster_collection.file_id,capster_collection.file_name,capster_collection.file_path, capster_collection.file_type FROM "capster_collection"  WHERE (capster_id = ?) [9]}
[INFO][Res][response.go:31]2020/08/09 23:07:12 {"message":"Ok","data":{"capster_id":9,"file_id":2,"file_name":"1595093364_naruto.jpg","file_path":"/wwwroot/uploads/Profile/1595093364_naruto.jpg","join_date":"2020-08-09T15:42:14.015108Z","name":"capster 1","top_collection":[],"user_type":"capster"}}
[QUERY][(*repoAuth)][repo_ss_fileupload.go:40]2020/08/09 23:09:48 &{SELECT * FROM "sa_file_upload"  WHERE (file_id = ?) [2]}
[QUERY][(*repoCapsterCollection)][repo_capster_collection.go:42]2020/08/09 23:10:12 &{SELECT capster_collection.file_id,sa_file_upload.file_name,sa_file_upload.file_path, sa_file_upload.file_type FROM "capster_collection" Inner Join sa_file_upload ON sa_file_upload.file_id = capster_collection.file_id WHERE (capster_id = ?) [9]}
[INFO][Res][response.go:31]2020/08/09 23:10:45 {"message":"Ok","data":{"capster_id":9,"file_id":2,"file_name":"1595093364_naruto.jpg","file_path":"/wwwroot/uploads/Profile/1595093364_naruto.jpg","join_date":"2020-08-09T15:42:14.015108Z","name":"capster 1","top_collection":[{"file_id":1,"file_name":"1595092538_WhatsApp Image 2020-06-01 at 11.18.45.jpeg","file_path":"/wwwroot/uploads/profile/1595092538_WhatsApp Image 2020-06-01 at 11.18.45.jpeg","file_type":".jpeg"}],"user_type":"capster"}}
[QUERY][(*repoSysUser)][repo_ss_users.go:128]2020/08/09 23:12:17 &{SELECT * FROM "ss_user"  WHERE (user_id = ?) [9]}
[QUERY][(*repoCapsterCollection)][repo_capster_collection.go:134]2020/08/09 23:12:17 &{SELECT * FROM ""   []}
[QUERY][(*repoCapsterCollection)][repo_capster_collection.go:107]2020/08/09 23:12:17 &{SELECT * FROM "capster_collection"  WHERE "capster_collection"."capster_id" = ? AND "capster_collection"."file_id" = ? [9 1]}
[INFO][Res][response.go:31]2020/08/09 23:12:17 {"message":"Ok","data":null}
[QUERY][(*repoCapsterCollection)][repo_capster_collection.go:90]2020/08/09 23:12:43 &{SELECT ss_user.user_id as capster_id,ss_user.name,ss_user.is_active,sa_file_upload.file_id,sa_file_upload.file_name,sa_file_upload.file_path,sa_file_upload.file_type, '0' as rating FROM "ss_user" left join sa_file_upload ON sa_file_upload.file_id = ss_user.file_id WHERE (user_type='capster') LIMIT 5 OFFSET 0 []}
[QUERY][(*repoCapsterCollection)][repo_capster_collection.go:162]2020/08/09 23:12:43 &{SELECT ss_user.user_id as capster_id,ss_user.name,ss_user.is_active, 0 as rating FROM "ss_user"  WHERE (user_type='capster') []}
[INFO][Res][response.go:31]2020/08/09 23:12:43 {"message":"","data":{"page":1,"total":3,"last_page":1,"define_size":"","define_column":"","all_column":"","data":[{"capster_id":7,"name":"Uchiha Otnay","is_active":false,"file_id":0,"file_name":"","file_path":"","file_type":""},{"capster_id":2,"name":"Danniel","is_active":true,"file_id":0,"file_name":"","file_path":"","file_type":""},{"capster_id":9,"name":"capster 1 update","is_active":true,"file_id":2,"file_name":"1595093364_naruto.jpg","file_path":"/wwwroot/uploads/Profile/1595093364_naruto.jpg","file_type":".jpg"}],"message":""}}
